[debug] [2025-08-03T08:31:32.361Z] ----------------------------------------------------------------------
[debug] [2025-08-03T08:31:32.366Z] Command:       C:\Program Files\nodejs\node.exe C:\Users\csaur\AppData\Roaming\npm\node_modules\firebase-tools\lib\bin\firebase.js projects:list
[debug] [2025-08-03T08:31:32.367Z] CLI Version:   13.20.2
[debug] [2025-08-03T08:31:32.367Z] Platform:      win32
[debug] [2025-08-03T08:31:32.367Z] Node Version:  v20.11.0
[debug] [2025-08-03T08:31:32.367Z] Time:          Sun Aug 03 2025 14:01:32 GMT+0530 (India Standard Time)
[debug] [2025-08-03T08:31:32.367Z] ----------------------------------------------------------------------
[debug] 
[debug] [2025-08-03T08:31:32.373Z] >>> [apiv2][query] GET https://firebase-public.firebaseio.com/cli.json [none]
[debug] [2025-08-03T08:31:32.449Z] > command requires scopes: ["email","openid","https://www.googleapis.com/auth/cloudplatformprojects.readonly","https://www.googleapis.com/auth/firebase","https://www.googleapis.com/auth/cloud-platform"]
[debug] [2025-08-03T08:31:32.449Z] > authorizing via signed-in user (csaurabh660@gmail.com)
[debug] [2025-08-03T08:31:32.456Z] Checked if tokens are valid: false, expires at: 1709392513761
[debug] [2025-08-03T08:31:32.456Z] Checked if tokens are valid: false, expires at: 1709392513761
[debug] [2025-08-03T08:31:32.457Z] > refreshing access token with scopes: []
[debug] [2025-08-03T08:31:32.458Z] >>> [apiv2][query] POST https://www.googleapis.com/oauth2/v3/token [none]
[debug] [2025-08-03T08:31:32.459Z] >>> [apiv2][body] POST https://www.googleapis.com/oauth2/v3/token [omitted]
[debug] [2025-08-03T08:31:32.640Z] <<< [apiv2][status] POST https://www.googleapis.com/oauth2/v3/token 400
[debug] [2025-08-03T08:31:32.641Z] <<< [apiv2][body] POST https://www.googleapis.com/oauth2/v3/token [omitted]
[debug] [2025-08-03T08:31:32.643Z] >>> [apiv2][query] GET https://firebase.googleapis.com/v1beta1/projects pageSize=1000
[debug] [2025-08-03T08:31:33.064Z] <<< [apiv2][status] GET https://firebase-public.firebaseio.com/cli.json 200
[debug] [2025-08-03T08:31:33.064Z] <<< [apiv2][body] GET https://firebase-public.firebaseio.com/cli.json {"cloudBuildErrorAfter":1594252800000,"cloudBuildWarnAfter":1590019200000,"defaultNode10After":1594252800000,"minVersion":"3.0.5","node8DeploysDisabledAfter":1613390400000,"node8RuntimeDisabledAfter":1615809600000,"node8WarnAfter":1600128000000}
[debug] [2025-08-03T08:31:33.099Z] <<< [apiv2][status] GET https://firebase.googleapis.com/v1beta1/projects 401
[debug] [2025-08-03T08:31:33.099Z] <<< [apiv2][body] GET https://firebase.googleapis.com/v1beta1/projects [omitted]
[debug] [2025-08-03T08:31:33.100Z] Got a 401 Unauthenticated error for a call that required authentication. Refreshing tokens.
[debug] [2025-08-03T08:31:33.100Z] Checked if tokens are valid: false, expires at: 1709392513761
[debug] [2025-08-03T08:31:33.100Z] Checked if tokens are valid: false, expires at: 1709392513761
[debug] [2025-08-03T08:31:33.100Z] > refreshing access token with scopes: []
[debug] [2025-08-03T08:31:33.101Z] >>> [apiv2][query] POST https://www.googleapis.com/oauth2/v3/token [none]
[debug] [2025-08-03T08:31:33.101Z] >>> [apiv2][body] POST https://www.googleapis.com/oauth2/v3/token [omitted]
[debug] [2025-08-03T08:31:33.206Z] <<< [apiv2][status] POST https://www.googleapis.com/oauth2/v3/token 400
[debug] [2025-08-03T08:31:33.206Z] <<< [apiv2][body] POST https://www.googleapis.com/oauth2/v3/token [omitted]
[debug] [2025-08-03T08:31:33.207Z] HTTP Error: 401, Request had invalid authentication credentials. Expected OAuth 2 access token, login cookie or other valid authentication credential. See https://developers.google.com/identity/sign-in/web/devconsole-project.
[debug] [2025-08-03T08:31:33.321Z] FirebaseError: HTTP Error: 401, Request had invalid authentication credentials. Expected OAuth 2 access token, login cookie or other valid authentication credential. See https://developers.google.com/identity/sign-in/web/devconsole-project.
    at responseToError (C:\Users\csaur\AppData\Roaming\npm\node_modules\firebase-tools\lib\responseToError.js:49:12)
    at RetryOperation._fn (C:\Users\csaur\AppData\Roaming\npm\node_modules\firebase-tools\lib\apiv2.js:312:77)
    at process.processTicksAndRejections (node:internal/process/task_queues:95:5)
[error] 
[error] Error: Failed to list Firebase projects. See firebase-debug.log for more info.
